0 verbose cli C:\Program Files\nodejs\node.exe C:\Program Files\nodejs\node_modules\npm\bin\npm-cli.js
1 info using npm@11.6.2
2 info using node@v24.12.0
3 silly config load:file:C:\Program Files\nodejs\node_modules\npm\npmrc
4 silly config load:file:C:\LinkBio\linkbio-mvp\linkbio-mvp\.npmrc
5 silly config load:file:C:\Users\T470\.npmrc
6 silly config load:file:C:\Users\T470\AppData\Roaming\npm\etc\npmrc
7 verbose title npm install
8 verbose argv "install" "--cache" ".npm-cache"
9 verbose logfile logs-max:10 dir:C:\LinkBio\linkbio-mvp\linkbio-mvp\.npm-cache\_logs\2026-04-05T23_25_15_801Z-
10 verbose logfile C:\LinkBio\linkbio-mvp\linkbio-mvp\.npm-cache\_logs\2026-04-05T23_25_15_801Z-debug-0.log
11 silly logfile done cleaning log files
12 silly packumentCache heap:4496293888 maxSize:1124073472 maxEntrySize:562036736
13 silly idealTree buildDeps
14 silly fetch manifest dotenv@^16.4.5
15 silly packumentCache full:https://registry.npmjs.org/dotenv cache-miss
16 http cache https://registry.npmjs.org/dotenv 42ms (cache hit)
17 silly packumentCache full:https://registry.npmjs.org/dotenv set size:274301 disposed:false
18 silly fetch manifest ejs@^3.1.10
19 silly packumentCache full:https://registry.npmjs.org/ejs cache-miss
20 http cache https://registry.npmjs.org/ejs 13ms (cache hit)
21 silly packumentCache full:https://registry.npmjs.org/ejs set size:147175 disposed:false
22 silly fetch manifest express@^4.21.2
23 silly packumentCache full:https://registry.npmjs.org/express cache-miss
24 http cache https://registry.npmjs.org/express 14ms (cache hit)
25 silly packumentCache full:https://registry.npmjs.org/express set size:801257 disposed:false
26 silly fetch manifest express-session@^1.18.1
27 silly packumentCache full:https://registry.npmjs.org/express-session cache-miss
28 http cache https://registry.npmjs.org/express-session 11ms (cache hit)
29 silly packumentCache full:https://registry.npmjs.org/express-session set size:198689 disposed:false
30 silly fetch manifest method-override@^3.0.0
31 silly packumentCache full:https://registry.npmjs.org/method-override cache-miss
32 http cache https://registry.npmjs.org/method-override 11ms (cache hit)
33 silly packumentCache full:https://registry.npmjs.org/method-override set size:57625 disposed:false
34 silly fetch manifest multer@^1.4.5-lts.1
35 silly packumentCache full:https://registry.npmjs.org/multer cache-miss
36 http cache https://registry.npmjs.org/multer 14ms (cache hit)
37 silly packumentCache full:https://registry.npmjs.org/multer set size:150932 disposed:false
38 silly fetch manifest slugify@^1.6.6
39 silly packumentCache full:https://registry.npmjs.org/slugify cache-miss
40 http cache https://registry.npmjs.org/slugify 9ms (cache hit)
41 silly packumentCache full:https://registry.npmjs.org/slugify set size:103522 disposed:false
42 silly fetch manifest stripe@^18.0.0
43 silly packumentCache full:https://registry.npmjs.org/stripe cache-miss
44 http cache https://registry.npmjs.org/stripe 18ms (cache hit)
45 silly packumentCache full:https://registry.npmjs.org/stripe set size:2602971 disposed:false
46 silly fetch manifest @types/node@>=12.x.x
47 silly packumentCache full:https://registry.npmjs.org/@types%2fnode cache-miss
48 http cache https://registry.npmjs.org/@types%2fnode 64ms (cache hit)
49 silly packumentCache full:https://registry.npmjs.org/@types%2fnode set size:10968423 disposed:false
50 silly placeDep ROOT dotenv@16.6.1 OK for: linkbio-mvp@1.0.0 want: ^16.4.5
51 silly placeDep ROOT ejs@3.1.10 OK for: linkbio-mvp@1.0.0 want: ^3.1.10
52 silly placeDep ROOT express@4.22.1 OK for: linkbio-mvp@1.0.0 want: ^4.21.2
53 silly placeDep ROOT express-session@1.19.0 OK for: linkbio-mvp@1.0.0 want: ^1.18.1
54 silly placeDep ROOT method-override@3.0.0 OK for: linkbio-mvp@1.0.0 want: ^3.0.0
55 silly placeDep ROOT multer@1.4.5-lts.2 OK for: linkbio-mvp@1.0.0 want: ^1.4.5-lts.1
56 silly placeDep ROOT slugify@1.6.9 OK for: linkbio-mvp@1.0.0 want: ^1.6.6
57 silly placeDep ROOT stripe@18.5.0 OK for: linkbio-mvp@1.0.0 want: ^18.0.0
58 silly fetch manifest jake@^10.8.5
59 silly packumentCache full:https://registry.npmjs.org/jake cache-miss
60 silly fetch manifest qs@~6.14.0
61 silly packumentCache full:https://registry.npmjs.org/qs cache-miss
62 silly fetch manifest depd@2.0.0
63 silly packumentCache full:https://registry.npmjs.org/depd cache-miss
64 http cache https://registry.npmjs.org/qs 34ms (cache hit)
65 silly packumentCache full:https://registry.npmjs.org/qs set size:350258 disposed:false
66 silly fetch manifest etag@~1.8.1
67 silly packumentCache full:https://registry.npmjs.org/etag cache-miss
68 http cache https://registry.npmjs.org/depd 46ms (cache hit)
69 silly packumentCache full:https://registry.npmjs.org/depd set size:40182 disposed:false
70 silly fetch manifest send@~0.19.0
71 silly packumentCache full:https://registry.npmjs.org/send cache-miss
72 http cache https://registry.npmjs.org/jake 52ms (cache hit)
73 silly packumentCache full:https://registry.npmjs.org/jake set size:258686 disposed:false
74 silly fetch manifest vary@~1.1.2
75 silly packumentCache full:https://registry.npmjs.org/vary cache-miss
76 http cache https://registry.npmjs.org/etag 26ms (cache hit)
77 silly packumentCache full:https://registry.npmjs.org/etag set size:30032 disposed:false
78 silly fetch manifest debug@2.6.9
79 silly packumentCache full:https://registry.npmjs.org/debug cache-miss
80 http cache https://registry.npmjs.org/send 28ms (cache hit)
81 silly packumentCache full:https://registry.npmjs.org/send set size:152810 disposed:false
82 silly fetch manifest fresh@~0.5.2
83 silly packumentCache full:https://registry.npmjs.org/fresh cache-miss
84 http cache https://registry.npmjs.org/vary 22ms (cache hit)
85 silly packumentCache full:https://registry.npmjs.org/vary set size:16018 disposed:false
86 silly fetch manifest cookie@~0.7.1
87 silly packumentCache full:https://registry.npmjs.org/cookie cache-miss
88 http cache https://registry.npmjs.org/fresh 18ms (cache hit)
89 silly packumentCache full:https://registry.npmjs.org/fresh set size:25427 disposed:false
90 silly fetch manifest accepts@~1.3.8
91 silly packumentCache full:https://registry.npmjs.org/accepts cache-miss
92 http cache https://registry.npmjs.org/debug 26ms (cache hit)
93 silly packumentCache full:https://registry.npmjs.org/debug set size:195840 disposed:false
94 silly fetch manifest methods@~1.1.2
95 silly packumentCache full:https://registry.npmjs.org/methods cache-miss
96 http cache https://registry.npmjs.org/cookie 26ms (cache hit)
97 silly packumentCache full:https://registry.npmjs.org/cookie set size:72891 disposed:false
98 silly fetch manifest type-is@~1.6.18
99 silly packumentCache full:https://registry.npmjs.org/type-is cache-miss
100 http cache https://registry.npmjs.org/accepts 27ms (cache hit)
101 silly packumentCache full:https://registry.npmjs.org/accepts set size:77054 disposed:false
102 silly fetch manifest parseurl@~1.3.3
103 silly packumentCache full:https://registry.npmjs.org/parseurl cache-miss
104 http cache https://registry.npmjs.org/type-is 18ms (cache hit)
105 silly packumentCache full:https://registry.npmjs.org/type-is set size:86196 disposed:false
106 silly fetch manifest statuses@~2.0.1
107 silly packumentCache full:https://registry.npmjs.org/statuses cache-miss
108 http cache https://registry.npmjs.org/methods 30ms (cache hit)
109 silly packumentCache full:https://registry.npmjs.org/methods set size:12600 disposed:false
110 silly fetch manifest encodeurl@~2.0.0
111 silly packumentCache full:https://registry.npmjs.org/encodeurl cache-miss
112 http cache https://registry.npmjs.org/statuses 20ms (cache hit)
113 silly packumentCache full:https://registry.npmjs.org/statuses set size:37117 disposed:false
114 silly fetch manifest proxy-addr@~2.0.7
115 silly packumentCache full:https://registry.npmjs.org/proxy-addr cache-miss
116 http cache https://registry.npmjs.org/parseurl 28ms (cache hit)
117 silly packumentCache full:https://registry.npmjs.org/parseurl set size:24148 disposed:false
118 silly fetch manifest body-parser@~1.20.3
119 silly packumentCache full:https://registry.npmjs.org/body-parser cache-miss
120 http cache https://registry.npmjs.org/encodeurl 20ms (cache hit)
121 silly packumentCache full:https://registry.npmjs.org/encodeurl set size:12296 disposed:false
122 silly fetch manifest escape-html@~1.0.3
123 silly packumentCache full:https://registry.npmjs.org/escape-html cache-miss
124 http cache https://registry.npmjs.org/body-parser 17ms (cache hit)
125 silly packumentCache full:https://registry.npmjs.org/body-parser set size:216830 disposed:false
126 silly fetch manifest http-errors@~2.0.0
127 silly packumentCache full:https://registry.npmjs.org/http-errors cache-miss
128 http cache https://registry.npmjs.org/proxy-addr 30ms (cache hit)
129 silly packumentCache full:https://registry.npmjs.org/proxy-addr set size:61619 disposed:false
130 silly fetch manifest on-finished@~2.4.1
131 silly packumentCache full:https://registry.npmjs.org/on-finished cache-miss
132 http cache https://registry.npmjs.org/escape-html 28ms (cache hit)
133 silly packumentCache full:https://registry.npmjs.org/escape-html set size:7345 disposed:false
134 silly fetch manifest safe-buffer@5.2.1
135 silly packumentCache full:https://registry.npmjs.org/safe-buffer cache-miss
136 http cache https://registry.npmjs.org/http-errors 20ms (cache hit)
137 silly packumentCache full:https://registry.npmjs.org/http-errors set size:71987 disposed:false
138 silly fetch manifest utils-merge@1.0.1
139 silly packumentCache full:https://registry.npmjs.org/utils-merge cache-miss
140 http cache https://registry.npmjs.org/on-finished 20ms (cache hit)
141 silly packumentCache full:https://registry.npmjs.org/on-finished set size:23212 disposed:false
142 silly fetch manifest content-type@~1.0.4
143 silly packumentCache full:https://registry.npmjs.org/content-type cache-miss
144 http cache https://registry.npmjs.org/safe-buffer 19ms (cache hit)
145 silly packumentCache full:https://registry.npmjs.org/safe-buffer set size:41183 disposed:false
146 silly fetch manifest finalhandler@~1.3.1
147 silly packumentCache full:https://registry.npmjs.org/finalhandler cache-miss
148 http cache https://registry.npmjs.org/utils-merge 18ms (cache hit)
149 silly packumentCache full:https://registry.npmjs.org/utils-merge set size:5237 disposed:false
150 silly fetch manifest range-parser@~1.2.1
151 silly packumentCache full:https://registry.npmjs.org/range-parser cache-miss
152 http cache https://registry.npmjs.org/finalhandler 16ms (cache hit)
153 silly packumentCache full:https://registry.npmjs.org/finalhandler set size:79291 disposed:false
154 silly fetch manifest serve-static@~1.16.2
155 silly packumentCache full:https://registry.npmjs.org/serve-static cache-miss
156 http cache https://registry.npmjs.org/content-type 26ms (cache hit)
157 silly packumentCache full:https://registry.npmjs.org/content-type set size:17311 disposed:false
158 silly fetch manifest array-flatten@1.1.1
159 silly packumentCache full:https://registry.npmjs.org/array-flatten cache-miss
160 http cache https://registry.npmjs.org/range-parser 24ms (cache hit)
161 silly packumentCache full:https://registry.npmjs.org/range-parser set size:22228 disposed:false
162 silly fetch manifest path-to-regexp@~0.1.12
163 silly packumentCache full:https://registry.npmjs.org/path-to-regexp cache-miss
164 http cache https://registry.npmjs.org/serve-static 21ms (cache hit)
165 silly packumentCache full:https://registry.npmjs.org/serve-static set size:150391 disposed:false
166 silly fetch manifest setprototypeof@1.2.0
167 silly packumentCache full:https://registry.npmjs.org/setprototypeof cache-miss
168 http cache https://registry.npmjs.org/array-flatten 20ms (cache hit)
169 silly packumentCache full:https://registry.npmjs.org/array-flatten set size:24005 disposed:false
170 silly fetch manifest cookie-signature@~1.0.6
171 silly packumentCache full:https://registry.npmjs.org/cookie-signature cache-miss
172 http cache https://registry.npmjs.org/setprototypeof 19ms (cache hit)
173 silly packumentCache full:https://registry.npmjs.org/setprototypeof set size:14532 disposed:false
174 silly fetch manifest merge-descriptors@1.0.3
175 silly packumentCache full:https://registry.npmjs.org/merge-descriptors cache-miss
176 http cache https://registry.npmjs.org/cookie-signature 18ms (cache hit)
177 silly packumentCache full:https://registry.npmjs.org/cookie-signature set size:21777 disposed:false
178 silly fetch manifest content-disposition@~0.5.4
179 silly packumentCache full:https://registry.npmjs.org/content-disposition cache-miss
180 http cache https://registry.npmjs.org/path-to-regexp 34ms (cache hit)
181 silly packumentCache full:https://registry.npmjs.org/path-to-regexp set size:216334 disposed:false
182 silly fetch manifest cookie@~0.7.2
183 silly packumentCache full:https://registry.npmjs.org/cookie cache-hit
184 silly fetch manifest cookie-signature@~1.0.7
185 silly packumentCache full:https://registry.npmjs.org/cookie-signature cache-hit
186 silly fetch manifest debug@~2.6.9
187 silly packumentCache full:https://registry.npmjs.org/debug cache-hit
188 silly fetch manifest depd@~2.0.0
189 silly packumentCache full:https://registry.npmjs.org/depd cache-hit
190 silly fetch manifest on-headers@~1.1.0
191 silly packumentCache full:https://registry.npmjs.org/on-headers cache-miss
192 http cache https://registry.npmjs.org/merge-descriptors 35ms (cache hit)
193 silly packumentCache full:https://registry.npmjs.org/merge-descriptors set size:16527 disposed:false
194 silly fetch manifest safe-buffer@~5.2.1
195 silly packumentCache full:https://registry.npmjs.org/safe-buffer cache-hit
196 silly fetch manifest uid-safe@~2.1.5
197 silly packumentCache full:https://registry.npmjs.org/uid-safe cache-miss
198 http cache https://registry.npmjs.org/on-headers 18ms (cache hit)
199 silly packumentCache full:https://registry.npmjs.org/on-headers set size:13226 disposed:false
200 silly fetch manifest debug@3.1.0
201 silly packumentCache full:https://registry.npmjs.org/debug cache-hit
202 silly fetch manifest parseurl@~1.3.2
203 silly packumentCache full:https://registry.npmjs.org/parseurl cache-hit
204 silly fetch manifest xtend@^4.0.0
205 silly packumentCache full:https://registry.npmjs.org/xtend cache-miss
206 http cache https://registry.npmjs.org/content-disposition 43ms (cache hit)
207 silly packumentCache full:https://registry.npmjs.org/content-disposition set size:34469 disposed:false
208 silly fetch manifest busboy@^1.0.0
209 silly packumentCache full:https://registry.npmjs.org/busboy cache-miss
210 http cache https://registry.npmjs.org/uid-safe 23ms (cache hit)
211 silly packumentCache full:https://registry.npmjs.org/uid-safe set size:27213 disposed:false
212 silly fetch manifest mkdirp@^0.5.4
213 silly packumentCache full:https://registry.npmjs.org/mkdirp cache-miss
214 http cache https://registry.npmjs.org/xtend 19ms (cache hit)
215 silly packumentCache full:https://registry.npmjs.org/xtend set size:28314 disposed:false
216 silly fetch manifest type-is@^1.6.4
217 silly packumentCache full:https://registry.npmjs.org/type-is cache-hit
218 silly fetch manifest append-field@^1.0.0
219 silly packumentCache full:https://registry.npmjs.org/append-field cache-miss
220 http cache https://registry.npmjs.org/busboy 23ms (cache hit)
221 silly packumentCache full:https://registry.npmjs.org/busboy set size:78925 disposed:false
222 silly fetch manifest concat-stream@^1.5.2
223 silly packumentCache full:https://registry.npmjs.org/concat-stream cache-miss
224 http cache https://registry.npmjs.org/append-field 19ms (cache hit)
225 silly packumentCache full:https://registry.npmjs.org/append-field set size:7798 disposed:false
226 silly fetch manifest object-assign@^4.1.1
227 silly packumentCache full:https://registry.npmjs.org/object-assign cache-miss
228 http cache https://registry.npmjs.org/mkdirp 30ms (cache hit)
229 silly packumentCache full:https://registry.npmjs.org/mkdirp set size:116455 disposed:false
230 silly fetch manifest qs@^6.11.0
231 silly packumentCache full:https://registry.npmjs.org/qs cache-hit
232 http cache https://registry.npmjs.org/concat-stream 25ms (cache hit)
233 silly packumentCache full:https://registry.npmjs.org/concat-stream set size:63783 disposed:false
234 http cache https://registry.npmjs.org/object-assign 19ms (cache hit)
235 silly packumentCache full:https://registry.npmjs.org/object-assign set size:28988 disposed:false
236 silly placeDep ROOT jake@10.9.4 OK for: ejs@3.1.10 want: ^10.8.5
237 silly fetch manifest async@^3.2.6
238 silly packumentCache full:https://registry.npmjs.org/async cache-miss
239 silly fetch manifest filelist@^1.0.4
240 silly packumentCache full:https://registry.npmjs.org/filelist cache-miss
241 silly fetch manifest picocolors@^1.1.1
242 silly packumentCache full:https://registry.npmjs.org/picocolors cache-miss
243 http cache https://registry.npmjs.org/filelist 16ms (cache hit)
244 silly packumentCache full:https://registry.npmjs.org/filelist set size:25930 disposed:false
245 http cache https://registry.npmjs.org/async 20ms (cache hit)
246 silly packumentCache full:https://registry.npmjs.org/async set size:230496 disposed:false
247 http cache https://registry.npmjs.org/picocolors 39ms (cache hit)
248 silly packumentCache full:https://registry.npmjs.org/picocolors set size:16648 disposed:false
249 silly placeDep ROOT accepts@1.3.8 OK for: express@4.22.1 want: ~1.3.8
250 silly placeDep ROOT array-flatten@1.1.1 OK for: express@4.22.1 want: 1.1.1
251 silly placeDep ROOT body-parser@1.20.4 OK for: express@4.22.1 want: ~1.20.3
252 silly placeDep ROOT content-disposition@0.5.4 OK for: express@4.22.1 want: ~0.5.4
253 silly placeDep ROOT content-type@1.0.5 OK for: express@4.22.1 want: ~1.0.4
254 silly placeDep ROOT cookie@0.7.2 OK for: express@4.22.1 want: ~0.7.1
255 silly placeDep ROOT cookie-signature@1.0.7 OK for: express@4.22.1 want: ~1.0.6
256 silly placeDep ROOT debug@2.6.9 OK for: express@4.22.1 want: 2.6.9
257 silly placeDep ROOT depd@2.0.0 OK for: express@4.22.1 want: 2.0.0
258 silly placeDep ROOT encodeurl@2.0.0 OK for: express@4.22.1 want: ~2.0.0
259 silly placeDep ROOT escape-html@1.0.3 OK for: express@4.22.1 want: ~1.0.3
260 silly placeDep ROOT etag@1.8.1 OK for: express@4.22.1 want: ~1.8.1
261 silly placeDep ROOT finalhandler@1.3.2 OK for: express@4.22.1 want: ~1.3.1
262 silly placeDep ROOT fresh@0.5.2 OK for: express@4.22.1 want: ~0.5.2
263 silly placeDep ROOT http-errors@2.0.1 OK for: express@4.22.1 want: ~2.0.0
264 silly placeDep ROOT merge-descriptors@1.0.3 OK for: express@4.22.1 want: 1.0.3
265 silly placeDep ROOT methods@1.1.2 OK for: express@4.22.1 want: ~1.1.2
266 silly placeDep ROOT on-finished@2.4.1 OK for: express@4.22.1 want: ~2.4.1
267 silly placeDep ROOT parseurl@1.3.3 OK for: express@4.22.1 want: ~1.3.3
268 silly placeDep ROOT path-to-regexp@0.1.13 OK for: express@4.22.1 want: ~0.1.12
269 silly placeDep ROOT proxy-addr@2.0.7 OK for: express@4.22.1 want: ~2.0.7
270 silly placeDep ROOT qs@6.14.2 OK for: express@4.22.1 want: ~6.14.0
271 silly placeDep ROOT range-parser@1.2.1 OK for: express@4.22.1 want: ~1.2.1
272 silly placeDep ROOT safe-buffer@5.2.1 OK for: express@4.22.1 want: 5.2.1
273 silly placeDep ROOT send@0.19.2 OK for: express@4.22.1 want: ~0.19.0
274 silly placeDep ROOT serve-static@1.16.3 OK for: express@4.22.1 want: ~1.16.2
275 silly placeDep ROOT setprototypeof@1.2.0 OK for: express@4.22.1 want: 1.2.0
276 silly placeDep ROOT statuses@2.0.2 OK for: express@4.22.1 want: ~2.0.1
277 silly placeDep ROOT type-is@1.6.18 OK for: express@4.22.1 want: ~1.6.18
278 silly placeDep ROOT utils-merge@1.0.1 OK for: express@4.22.1 want: 1.0.1
279 silly placeDep ROOT vary@1.1.2 OK for: express@4.22.1 want: ~1.1.2
280 silly fetch manifest mime-types@~2.1.34
281 silly packumentCache full:https://registry.npmjs.org/mime-types cache-miss
282 silly fetch manifest negotiator@0.6.3
283 silly packumentCache full:https://registry.npmjs.org/negotiator cache-miss
284 silly fetch manifest bytes@~3.1.2
285 silly packumentCache full:https://registry.npmjs.org/bytes cache-miss
286 http cache https://registry.npmjs.org/mime-types 27ms (cache hit)
287 silly packumentCache full:https://registry.npmjs.org/mime-types set size:139110 disposed:false
288 silly fetch manifest unpipe@~1.0.0
289 silly packumentCache full:https://registry.npmjs.org/unpipe cache-miss
290 http cache https://registry.npmjs.org/negotiator 33ms (cache hit)
291 silly packumentCache full:https://registry.npmjs.org/negotiator set size:48046 disposed:false
292 silly fetch manifest destroy@~1.2.0
293 silly packumentCache full:https://registry.npmjs.org/destroy cache-miss
294 http cache https://registry.npmjs.org/bytes 37ms (cache hit)
295 silly packumentCache full:https://registry.npmjs.org/bytes set size:37018 disposed:false
296 silly fetch manifest raw-body@~2.5.3
297 silly packumentCache full:https://registry.npmjs.org/raw-body cache-miss
298 http cache https://registry.npmjs.org/destroy 19ms (cache hit)
299 silly packumentCache full:https://registry.npmjs.org/destroy set size:15738 disposed:false
300 silly fetch manifest iconv-lite@~0.4.24
301 silly packumentCache full:https://registry.npmjs.org/iconv-lite cache-miss
302 http cache https://registry.npmjs.org/unpipe 31ms (cache hit)
303 silly packumentCache full:https://registry.npmjs.org/unpipe set size:3609 disposed:false
304 silly fetch manifest http-errors@~2.0.1
305 silly packumentCache full:https://registry.npmjs.org/http-errors cache-hit
306 silly fetch manifest content-type@~1.0.5
307 silly packumentCache full:https://registry.npmjs.org/content-type cache-hit
308 silly fetch manifest ms@2.0.0
309 silly packumentCache full:https://registry.npmjs.org/ms cache-miss
310 http cache https://registry.npmjs.org/raw-body 22ms (cache hit)
311 silly packumentCache full:https://registry.npmjs.org/raw-body set size:117822 disposed:false
312 silly fetch manifest statuses@~2.0.2
313 silly packumentCache full:https://registry.npmjs.org/statuses cache-hit
314 silly fetch manifest inherits@~2.0.4
315 silly packumentCache full:https://registry.npmjs.org/inherits cache-miss
316 http cache https://registry.npmjs.org/ms 25ms (cache hit)
317 silly packumentCache full:https://registry.npmjs.org/ms set size:92208 disposed:false
318 silly fetch manifest setprototypeof@~1.2.0
319 silly packumentCache full:https://registry.npmjs.org/setprototypeof cache-hit
320 silly fetch manifest toidentifier@~1.0.1
321 silly packumentCache full:https://registry.npmjs.org/toidentifier cache-miss
322 http cache https://registry.npmjs.org/iconv-lite 35ms (cache hit)
323 silly packumentCache full:https://registry.npmjs.org/iconv-lite set size:120557 disposed:false
324 silly fetch manifest ee-first@1.1.1
325 silly packumentCache full:https://registry.npmjs.org/ee-first cache-miss
326 http cache https://registry.npmjs.org/inherits 31ms (cache hit)
327 silly packumentCache full:https://registry.npmjs.org/inherits set size:12925 disposed:false
328 silly fetch manifest forwarded@0.2.0
329 silly packumentCache full:https://registry.npmjs.org/forwarded cache-miss
330 http cache https://registry.npmjs.org/toidentifier 28ms (cache hit)
331 silly packumentCache full:https://registry.npmjs.org/toidentifier set size:12006 disposed:false
332 silly fetch manifest ipaddr.js@1.9.1
333 silly packumentCache full:https://registry.npmjs.org/ipaddr.js cache-miss
334 http cache https://registry.npmjs.org/forwarded 17ms (cache hit)
335 silly packumentCache full:https://registry.npmjs.org/forwarded set size:11229 disposed:false
336 silly fetch manifest side-channel@^1.1.0
337 silly packumentCache full:https://registry.npmjs.org/side-channel cache-miss
338 http cache https://registry.npmjs.org/ee-first 25ms (cache hit)
339 silly packumentCache full:https://registry.npmjs.org/ee-first set size:15327 disposed:false
340 silly fetch manifest ms@2.1.3
341 silly packumentCache full:https://registry.npmjs.org/ms cache-hit
342 silly fetch manifest mime@1.6.0
343 silly packumentCache full:https://registry.npmjs.org/mime cache-miss
344 http cache https://registry.npmjs.org/side-channel 18ms (cache hit)
345 silly packumentCache full:https://registry.npmjs.org/side-channel set size:24660 disposed:false
346 silly fetch manifest destroy@1.2.0
347 silly packumentCache full:https://registry.npmjs.org/destroy cache-hit
348 silly fetch manifest mime-types@~2.1.24
349 silly packumentCache full:https://registry.npmjs.org/mime-types cache-hit
350 silly fetch manifest media-typer@0.3.0
351 silly packumentCache full:https://registry.npmjs.org/media-typer cache-miss
352 http cache https://registry.npmjs.org/ipaddr.js 25ms (cache hit)
353 silly packumentCache full:https://registry.npmjs.org/ipaddr.js set size:67857 disposed:false
354 http cache https://registry.npmjs.org/mime 24ms (cache hit)
355 silly packumentCache full:https://registry.npmjs.org/mime set size:119236 disposed:false
356 http cache https://registry.npmjs.org/media-typer 20ms (cache hit)
357 silly packumentCache full:https://registry.npmjs.org/media-typer set size:20873 disposed:false
358 silly placeDep ROOT mime-types@2.1.35 OK for: accepts@1.3.8 want: ~2.1.34
359 silly placeDep ROOT negotiator@0.6.3 OK for: accepts@1.3.8 want: 0.6.3
360 silly fetch manifest mime-db@1.52.0
361 silly packumentCache full:https://registry.npmjs.org/mime-db cache-miss
362 http cache https://registry.npmjs.org/mime-db 6ms (cache hit)
363 silly packumentCache full:https://registry.npmjs.org/mime-db set size:164953 disposed:false
364 silly placeDep ROOT bytes@3.1.2 OK for: body-parser@1.20.4 want: ~3.1.2
365 silly placeDep ROOT destroy@1.2.0 OK for: body-parser@1.20.4 want: ~1.2.0
366 silly placeDep ROOT iconv-lite@0.4.24 OK for: body-parser@1.20.4 want: ~0.4.24
367 silly placeDep ROOT raw-body@2.5.3 OK for: body-parser@1.20.4 want: ~2.5.3
368 silly placeDep ROOT unpipe@1.0.0 OK for: body-parser@1.20.4 want: ~1.0.0
369 silly fetch manifest safer-buffer@>= 2.1.2 < 3
370 silly packumentCache full:https://registry.npmjs.org/safer-buffer cache-miss
371 http cache https://registry.npmjs.org/safer-buffer 9ms (cache hit)
372 silly packumentCache full:https://registry.npmjs.org/safer-buffer set size:18521 disposed:false
373 silly placeDep ROOT ms@2.0.0 OK for: debug@2.6.9 want: 2.0.0
374 silly placeDep ROOT on-headers@1.1.0 OK for: express-session@1.19.0 want: ~1.1.0
375 silly placeDep ROOT uid-safe@2.1.5 OK for: express-session@1.19.0 want: ~2.1.5
376 silly fetch manifest random-bytes@~1.0.0
377 silly packumentCache full:https://registry.npmjs.org/random-bytes cache-miss
378 http cache https://registry.npmjs.org/random-bytes 9ms (cache hit)
379 silly packumentCache full:https://registry.npmjs.org/random-bytes set size:4798 disposed:false
380 silly placeDep ROOT inherits@2.0.4 OK for: http-errors@2.0.1 want: ~2.0.4
381 silly placeDep ROOT toidentifier@1.0.1 OK for: http-errors@2.0.1 want: ~1.0.1
382 silly placeDep ROOT safer-buffer@2.1.2 OK for: iconv-lite@0.4.24 want: >= 2.1.2 < 3
383 silly placeDep ROOT async@3.2.6 OK for: jake@10.9.4 want: ^3.2.6
384 silly placeDep ROOT filelist@1.0.6 OK for: jake@10.9.4 want: ^1.0.4
385 silly placeDep ROOT picocolors@1.1.1 OK for: jake@10.9.4 want: ^1.1.1
386 silly fetch manifest minimatch@^5.0.1
387 silly packumentCache full:https://registry.npmjs.org/minimatch cache-miss
388 http cache https://registry.npmjs.org/minimatch 11ms (cache hit)
389 silly packumentCache full:https://registry.npmjs.org/minimatch set size:375282 disposed:false
390 silly placeDep ROOT minimatch@5.1.9 OK for: filelist@1.0.6 want: ^5.0.1
391 silly fetch manifest brace-expansion@^2.0.1
392 silly packumentCache full:https://registry.npmjs.org/brace-expansion cache-miss
393 http cache https://registry.npmjs.org/brace-expansion 7ms (cache hit)
394 silly packumentCache full:https://registry.npmjs.org/brace-expansion set size:61740 disposed:false
395 silly placeDep node_modules/method-override debug@3.1.0 OK for: method-override@3.0.0 want: 3.1.0
396 silly placeDep ROOT mime-db@1.52.0 OK for: mime-types@2.1.35 want: 1.52.0
397 silly placeDep ROOT brace-expansion@2.0.3 OK for: minimatch@5.1.9 want: ^2.0.1
398 silly fetch manifest balanced-match@^1.0.0
399 silly packumentCache full:https://registry.npmjs.org/balanced-match cache-miss
400 http cache https://registry.npmjs.org/balanced-match 23ms (cache hit)
401 silly packumentCache full:https://registry.npmjs.org/balanced-match set size:39082 disposed:false
402 silly placeDep ROOT balanced-match@1.0.2 OK for: brace-expansion@2.0.3 want: ^1.0.0
403 silly placeDep ROOT append-field@1.0.0 OK for: multer@1.4.5-lts.2 want: ^1.0.0
404 silly placeDep ROOT busboy@1.6.0 OK for: multer@1.4.5-lts.2 want: ^1.0.0
405 silly placeDep ROOT concat-stream@1.6.2 OK for: multer@1.4.5-lts.2 want: ^1.5.2
406 silly placeDep ROOT mkdirp@0.5.6 OK for: multer@1.4.5-lts.2 want: ^0.5.4
407 silly placeDep ROOT object-assign@4.1.1 OK for: multer@1.4.5-lts.2 want: ^4.1.1
408 silly placeDep ROOT xtend@4.0.2 OK for: multer@1.4.5-lts.2 want: ^4.0.0
409 silly fetch manifest streamsearch@^1.1.0
410 silly packumentCache full:https://registry.npmjs.org/streamsearch cache-miss
411 silly fetch manifest buffer-from@^1.0.0
412 silly packumentCache full:https://registry.npmjs.org/buffer-from cache-miss
413 silly fetch manifest readable-stream@^2.2.2
414 silly packumentCache full:https://registry.npmjs.org/readable-stream cache-miss
415 http cache https://registry.npmjs.org/readable-stream 15ms (cache hit)
416 silly packumentCache full:https://registry.npmjs.org/readable-stream set size:261096 disposed:false
417 silly fetch manifest typedarray@^0.0.6
418 silly packumentCache full:https://registry.npmjs.org/typedarray cache-miss
419 http cache https://registry.npmjs.org/streamsearch 28ms (cache hit)
420 silly packumentCache full:https://registry.npmjs.org/streamsearch set size:27372 disposed:false
421 silly fetch manifest minimist@^1.2.6
422 silly packumentCache full:https://registry.npmjs.org/minimist cache-miss
423 http cache https://registry.npmjs.org/buffer-from 32ms (cache hit)
424 silly packumentCache full:https://registry.npmjs.org/buffer-from set size:15463 disposed:false
425 http cache https://registry.npmjs.org/typedarray 11ms (cache hit)
426 silly packumentCache full:https://registry.npmjs.org/typedarray set size:18469 disposed:false
427 http cache https://registry.npmjs.org/minimist 9ms (cache hit)
428 silly packumentCache full:https://registry.npmjs.org/minimist set size:77063 disposed:false
429 silly placeDep ROOT streamsearch@1.1.0 OK for: busboy@1.6.0 want: ^1.1.0
430 silly placeDep ROOT buffer-from@1.1.2 OK for: concat-stream@1.6.2 want: ^1.0.0
431 silly placeDep ROOT readable-stream@2.3.8 OK for: concat-stream@1.6.2 want: ^2.2.2
432 silly placeDep ROOT typedarray@0.0.6 OK for: concat-stream@1.6.2 want: ^0.0.6
433 silly fetch manifest isarray@~1.0.0
434 silly packumentCache full:https://registry.npmjs.org/isarray cache-miss
435 silly fetch manifest safe-buffer@~5.1.1
436 silly packumentCache full:https://registry.npmjs.org/safe-buffer cache-hit
437 silly fetch manifest core-util-is@~1.0.0
438 silly packumentCache full:https://registry.npmjs.org/core-util-is cache-miss
439 silly fetch manifest string_decoder@~1.1.1
440 silly packumentCache full:https://registry.npmjs.org/string_decoder cache-miss
441 http cache https://registry.npmjs.org/isarray 24ms (cache hit)
442 silly packumentCache full:https://registry.npmjs.org/isarray set size:17392 disposed:false
443 silly fetch manifest util-deprecate@~1.0.1
444 silly packumentCache full:https://registry.npmjs.org/util-deprecate cache-miss
445 http cache https://registry.npmjs.org/core-util-is 26ms (cache hit)
446 silly packumentCache full:https://registry.npmjs.org/core-util-is set size:7163 disposed:false
447 silly fetch manifest process-nextick-args@~2.0.0
448 silly packumentCache full:https://registry.npmjs.org/process-nextick-args cache-miss
449 http cache https://registry.npmjs.org/string_decoder 32ms (cache hit)
450 silly packumentCache full:https://registry.npmjs.org/string_decoder set size:28441 disposed:false
451 http cache https://registry.npmjs.org/process-nextick-args 10ms (cache hit)
452 silly packumentCache full:https://registry.npmjs.org/process-nextick-args set size:15428 disposed:false
453 http cache https://registry.npmjs.org/util-deprecate 23ms (cache hit)
454 silly packumentCache full:https://registry.npmjs.org/util-deprecate set size:6674 disposed:false
455 silly placeDep ROOT minimist@1.2.8 OK for: mkdirp@0.5.6 want: ^1.2.6
456 silly placeDep ROOT ee-first@1.1.1 OK for: on-finished@2.4.1 want: 1.1.1
457 silly placeDep ROOT forwarded@0.2.0 OK for: proxy-addr@2.0.7 want: 0.2.0
458 silly placeDep ROOT ipaddr.js@1.9.1 OK for: proxy-addr@2.0.7 want: 1.9.1
459 silly placeDep ROOT side-channel@1.1.0 OK for: qs@6.14.2 want: ^1.1.0
460 silly fetch manifest es-errors@^1.3.0
461 silly packumentCache full:https://registry.npmjs.org/es-errors cache-miss
462 silly fetch manifest object-inspect@^1.13.3
463 silly packumentCache full:https://registry.npmjs.org/object-inspect cache-miss
464 silly fetch manifest side-channel-list@^1.0.0
465 silly packumentCache full:https://registry.npmjs.org/side-channel-list cache-miss
466 http cache https://registry.npmjs.org/side-channel-list 14ms (cache hit)
467 silly packumentCache full:https://registry.npmjs.org/side-channel-list set size:6005 disposed:false
468 silly fetch manifest side-channel-map@^1.0.1
469 silly packumentCache full:https://registry.npmjs.org/side-channel-map cache-miss
470 http cache https://registry.npmjs.org/object-inspect 19ms (cache hit)
471 silly packumentCache full:https://registry.npmjs.org/object-inspect set size:101912 disposed:false
472 silly fetch manifest side-channel-weakmap@^1.0.2
473 silly packumentCache full:https://registry.npmjs.org/side-channel-weakmap cache-miss
474 http cache https://registry.npmjs.org/es-errors 27ms (cache hit)
475 silly packumentCache full:https://registry.npmjs.org/es-errors set size:16918 disposed:false
476 http cache https://registry.npmjs.org/side-channel-map 16ms (cache hit)
477 silly packumentCache full:https://registry.npmjs.org/side-channel-map set size:9126 disposed:false
478 http cache https://registry.npmjs.org/side-channel-weakmap 14ms (cache hit)
479 silly packumentCache full:https://registry.npmjs.org/side-channel-weakmap set size:12620 disposed:false
480 silly placeDep ROOT core-util-is@1.0.3 OK for: readable-stream@2.3.8 want: ~1.0.0
481 silly placeDep ROOT isarray@1.0.0 OK for: readable-stream@2.3.8 want: ~1.0.0
482 silly placeDep ROOT process-nextick-args@2.0.1 OK for: readable-stream@2.3.8 want: ~2.0.0
483 silly placeDep node_modules/readable-stream safe-buffer@5.1.2 OK for: readable-stream@2.3.8 want: ~5.1.1
484 silly placeDep ROOT string_decoder@1.1.1 OK for: readable-stream@2.3.8 want: ~1.1.1
485 silly placeDep ROOT util-deprecate@1.0.2 OK for: readable-stream@2.3.8 want: ~1.0.1
486 silly fetch manifest safe-buffer@~5.1.0
487 silly packumentCache full:https://registry.npmjs.org/safe-buffer cache-hit
488 silly placeDep ROOT mime@1.6.0 OK for: send@0.19.2 want: 1.6.0
489 silly placeDep node_modules/send ms@2.1.3 OK for: send@0.19.2 want: 2.1.3
490 silly placeDep ROOT es-errors@1.3.0 OK for: side-channel@1.1.0 want: ^1.3.0
491 silly placeDep ROOT object-inspect@1.13.4 OK for: side-channel@1.1.0 want: ^1.13.3
492 silly placeDep ROOT side-channel-list@1.0.0 OK for: side-channel@1.1.0 want: ^1.0.0
493 silly placeDep ROOT side-channel-map@1.0.1 OK for: side-channel@1.1.0 want: ^1.0.1
494 silly placeDep ROOT side-channel-weakmap@1.0.2 OK for: side-channel@1.1.0 want: ^1.0.2
495 silly fetch manifest call-bound@^1.0.2
496 silly packumentCache full:https://registry.npmjs.org/call-bound cache-miss
497 silly fetch manifest get-intrinsic@^1.2.5
498 silly packumentCache full:https://registry.npmjs.org/get-intrinsic cache-miss
499 silly fetch manifest call-bound@^1.0.2
500 silly packumentCache full:https://registry.npmjs.org/call-bound cache-miss
501 http cache https://registry.npmjs.org/get-intrinsic 9ms (cache hit)
502 silly packumentCache full:https://registry.npmjs.org/get-intrinsic set size:60985 disposed:false
503 http cache https://registry.npmjs.org/call-bound 15ms (cache hit)
504 silly packumentCache full:https://registry.npmjs.org/call-bound set size:15317 disposed:false
505 http cache https://registry.npmjs.org/call-bound 16ms (cache hit)
506 silly packumentCache full:https://registry.npmjs.org/call-bound set size:15317 disposed:false
507 silly packumentCache full:https://registry.npmjs.org/call-bound dispose
508 silly placeDep ROOT call-bound@1.0.4 OK for: side-channel-map@1.0.1 want: ^1.0.2
509 silly placeDep ROOT get-intrinsic@1.3.0 OK for: side-channel-map@1.0.1 want: ^1.2.5
510 silly fetch manifest call-bind-apply-helpers@^1.0.2
511 silly packumentCache full:https://registry.npmjs.org/call-bind-apply-helpers cache-miss
512 silly fetch manifest get-intrinsic@^1.3.0
513 silly packumentCache full:https://registry.npmjs.org/get-intrinsic cache-hit
514 silly fetch manifest gopd@^1.2.0
515 silly packumentCache full:https://registry.npmjs.org/gopd cache-miss
516 silly fetch manifest hasown@^2.0.2
517 silly packumentCache full:https://registry.npmjs.org/hasown cache-miss
518 http cache https://registry.npmjs.org/call-bind-apply-helpers 15ms (cache hit)
519 silly packumentCache full:https://registry.npmjs.org/call-bind-apply-helpers set size:12744 disposed:false
520 silly fetch manifest get-proto@^1.0.1
521 silly packumentCache full:https://registry.npmjs.org/get-proto cache-miss
522 http cache https://registry.npmjs.org/gopd 17ms (cache hit)
523 silly packumentCache full:https://registry.npmjs.org/gopd set size:11458 disposed:false
524 silly fetch manifest has-symbols@^1.1.0
525 silly packumentCache full:https://registry.npmjs.org/has-symbols cache-miss
526 http cache https://registry.npmjs.org/hasown 20ms (cache hit)
527 silly packumentCache full:https://registry.npmjs.org/hasown set size:12476 disposed:false
528 silly fetch manifest function-bind@^1.1.2
529 silly packumentCache full:https://registry.npmjs.org/function-bind cache-miss
530 http cache https://registry.npmjs.org/get-proto 17ms (cache hit)
531 silly packumentCache full:https://registry.npmjs.org/get-proto set size:8300 disposed:false
532 silly fetch manifest es-object-atoms@^1.1.1
533 silly packumentCache full:https://registry.npmjs.org/es-object-atoms cache-miss
534 http cache https://registry.npmjs.org/has-symbols 17ms (cache hit)
535 silly packumentCache full:https://registry.npmjs.org/has-symbols set size:21550 disposed:false
536 silly fetch manifest math-intrinsics@^1.1.0
537 silly packumentCache full:https://registry.npmjs.org/math-intrinsics cache-miss
538 http cache https://registry.npmjs.org/function-bind 16ms (cache hit)
539 silly packumentCache full:https://registry.npmjs.org/function-bind set size:15733 disposed:false
540 silly fetch manifest es-define-property@^1.0.1
541 silly packumentCache full:https://registry.npmjs.org/es-define-property cache-miss
542 http cache https://registry.npmjs.org/es-object-atoms 17ms (cache hit)
543 silly packumentCache full:https://registry.npmjs.org/es-object-atoms set size:15304 disposed:false
544 http cache https://registry.npmjs.org/math-intrinsics 14ms (cache hit)
545 silly packumentCache full:https://registry.npmjs.org/math-intrinsics set size:9265 disposed:false
546 http cache https://registry.npmjs.org/es-define-property 14ms (cache hit)
547 silly packumentCache full:https://registry.npmjs.org/es-define-property set size:8542 disposed:false
548 silly placeDep ROOT call-bind-apply-helpers@1.0.2 OK for: call-bound@1.0.4 want: ^1.0.2
549 silly placeDep ROOT function-bind@1.1.2 OK for: call-bind-apply-helpers@1.0.2 want: ^1.1.2
550 silly placeDep ROOT es-define-property@1.0.1 OK for: get-intrinsic@1.3.0 want: ^1.0.1
551 silly placeDep ROOT es-object-atoms@1.1.1 OK for: get-intrinsic@1.3.0 want: ^1.1.1
552 silly placeDep ROOT get-proto@1.0.1 OK for: get-intrinsic@1.3.0 want: ^1.0.1
553 silly placeDep ROOT gopd@1.2.0 OK for: get-intrinsic@1.3.0 want: ^1.2.0
554 silly placeDep ROOT has-symbols@1.1.0 OK for: get-intrinsic@1.3.0 want: ^1.1.0
555 silly placeDep ROOT hasown@2.0.2 OK for: get-intrinsic@1.3.0 want: ^2.0.2
556 silly placeDep ROOT math-intrinsics@1.1.0 OK for: get-intrinsic@1.3.0 want: ^1.1.0
557 silly fetch manifest dunder-proto@^1.0.1
558 silly packumentCache full:https://registry.npmjs.org/dunder-proto cache-miss
559 http cache https://registry.npmjs.org/dunder-proto 9ms (cache hit)
560 silly packumentCache full:https://registry.npmjs.org/dunder-proto set size:8256 disposed:false
561 silly placeDep ROOT dunder-proto@1.0.1 OK for: get-proto@1.0.1 want: ^1.0.1
562 silly placeDep node_modules/string_decoder safe-buffer@5.1.2 OK for: string_decoder@1.1.1 want: ~5.1.0
563 silly placeDep ROOT media-typer@0.3.0 OK for: type-is@1.6.18 want: 0.3.0
564 silly placeDep ROOT random-bytes@1.0.0 OK for: uid-safe@2.1.5 want: ~1.0.0
565 silly reify moves {}
566 silly audit bulk request {
566 silly audit   dotenv: [ '16.6.1' ],
566 silly audit   ejs: [ '3.1.10' ],
566 silly audit   express: [ '4.22.1' ],
566 silly audit   'express-session': [ '1.19.0' ],
566 silly audit   'method-override': [ '3.0.0' ],
566 silly audit   multer: [ '1.4.5-lts.2' ],
566 silly audit   slugify: [ '1.6.9' ],
566 silly audit   stripe: [ '18.5.0' ],
566 silly audit   jake: [ '10.9.4' ],
566 silly audit   accepts: [ '1.3.8' ],
566 silly audit   'array-flatten': [ '1.1.1' ],
566 silly audit   'body-parser': [ '1.20.4' ],
566 silly audit   'content-disposition': [ '0.5.4' ],
566 silly audit   'content-type': [ '1.0.5' ],
566 silly audit   cookie: [ '0.7.2' ],
566 silly audit   'cookie-signature': [ '1.0.7' ],
566 silly audit   debug: [ '2.6.9', '3.1.0' ],
566 silly audit   depd: [ '2.0.0' ],
566 silly audit   encodeurl: [ '2.0.0' ],
566 silly audit   'escape-html': [ '1.0.3' ],
566 silly audit   etag: [ '1.8.1' ],
566 silly audit   finalhandler: [ '1.3.2' ],
566 silly audit   fresh: [ '0.5.2' ],
566 silly audit   'http-errors': [ '2.0.1' ],
566 silly audit   'merge-descriptors': [ '1.0.3' ],
566 silly audit   methods: [ '1.1.2' ],
566 silly audit   'on-finished': [ '2.4.1' ],
566 silly audit   parseurl: [ '1.3.3' ],
566 silly audit   'path-to-regexp': [ '0.1.13' ],
566 silly audit   'proxy-addr': [ '2.0.7' ],
566 silly audit   qs: [ '6.14.2' ],
566 silly audit   'range-parser': [ '1.2.1' ],
566 silly audit   'safe-buffer': [ '5.2.1', '5.1.2' ],
566 silly audit   send: [ '0.19.2' ],
566 silly audit   'serve-static': [ '1.16.3' ],
566 silly audit   setprototypeof: [ '1.2.0' ],
566 silly audit   statuses: [ '2.0.2' ],
566 silly audit   'type-is': [ '1.6.18' ],
566 silly audit   'utils-merge': [ '1.0.1' ],
566 silly audit   vary: [ '1.1.2' ],
566 silly audit   'mime-types': [ '2.1.35' ],
566 silly audit   negotiator: [ '0.6.3' ],
566 silly audit   bytes: [ '3.1.2' ],
566 silly audit   destroy: [ '1.2.0' ],
566 silly audit   'iconv-lite': [ '0.4.24' ],
566 silly audit   'raw-body': [ '2.5.3' ],
566 silly audit   unpipe: [ '1.0.0' ],
566 silly audit   ms: [ '2.0.0', '2.1.3' ],
566 silly audit   'on-headers': [ '1.1.0' ],
566 silly audit   'uid-safe': [ '2.1.5' ],
566 silly audit   inherits: [ '2.0.4' ],
566 silly audit   toidentifier: [ '1.0.1' ],
566 silly audit   'safer-buffer': [ '2.1.2' ],
566 silly audit   async: [ '3.2.6' ],
566 silly audit   filelist: [ '1.0.6' ],
566 silly audit   picocolors: [ '1.1.1' ],
566 silly audit   minimatch: [ '5.1.9' ],
566 silly audit   'mime-db': [ '1.52.0' ],
566 silly audit   'brace-expansion': [ '2.0.3' ],
566 silly audit   'balanced-match': [ '1.0.2' ],
566 silly audit   'append-field': [ '1.0.0' ],
566 silly audit   busboy: [ '1.6.0' ],
566 silly audit   'concat-stream': [ '1.6.2' ],
566 silly audit   mkdirp: [ '0.5.6' ],
566 silly audit   'object-assign': [ '4.1.1' ],
566 silly audit   xtend: [ '4.0.2' ],
566 silly audit   streamsearch: [ '1.1.0' ],
566 silly audit   'buffer-from': [ '1.1.2' ],
566 silly audit   'readable-stream': [ '2.3.8' ],
566 silly audit   typedarray: [ '0.0.6' ],
566 silly audit   minimist: [ '1.2.8' ],
566 silly audit   'ee-first': [ '1.1.1' ],
566 silly audit   forwarded: [ '0.2.0' ],
566 silly audit   'ipaddr.js': [ '1.9.1' ],
566 silly audit   'side-channel': [ '1.1.0' ],
566 silly audit   'core-util-is': [ '1.0.3' ],
566 silly audit   isarray: [ '1.0.0' ],
566 silly audit   'process-nextick-args': [ '2.0.1' ],
566 silly audit   string_decoder: [ '1.1.1' ],
566 silly audit   'util-deprecate': [ '1.0.2' ],
566 silly audit   mime: [ '1.6.0' ],
566 silly audit   'es-errors': [ '1.3.0' ],
566 silly audit   'object-inspect': [ '1.13.4' ],
566 silly audit   'side-channel-list': [ '1.0.0' ],
566 silly audit   'side-channel-map': [ '1.0.1' ],
566 silly audit   'side-channel-weakmap': [ '1.0.2' ],
566 silly audit   'call-bound': [ '1.0.4' ],
566 silly audit   'get-intrinsic': [ '1.3.0' ],
566 silly audit   'call-bind-apply-helpers': [ '1.0.2' ],
566 silly audit   'function-bind': [ '1.1.2' ],
566 silly audit   'es-define-property': [ '1.0.1' ],
566 silly audit   'es-object-atoms': [ '1.1.1' ],
566 silly audit   'get-proto': [ '1.0.1' ],
566 silly audit   gopd: [ '1.2.0' ],
566 silly audit   'has-symbols': [ '1.1.0' ],
566 silly audit   hasown: [ '2.0.2' ],
566 silly audit   'math-intrinsics': [ '1.1.0' ],
566 silly audit   'dunder-proto': [ '1.0.1' ],
566 silly audit   'media-typer': [ '0.3.0' ],
566 silly audit   'random-bytes': [ '1.0.0' ]
566 silly audit }
567 http cache random-bytes@https://registry.npmjs.org/random-bytes/-/random-bytes-1.0.0.tgz 0ms (cache hit)
568 http cache math-intrinsics@https://registry.npmjs.org/math-intrinsics/-/math-intrinsics-1.1.0.tgz 0ms (cache hit)
569 http cache dunder-proto@https://registry.npmjs.org/dunder-proto/-/dunder-proto-1.0.1.tgz 0ms (cache hit)
570 http cache hasown@https://registry.npmjs.org/hasown/-/hasown-2.0.2.tgz 0ms (cache hit)
571 http cache has-symbols@https://registry.npmjs.org/has-symbols/-/has-symbols-1.1.0.tgz 0ms (cache hit)
572 http cache gopd@https://registry.npmjs.org/gopd/-/gopd-1.2.0.tgz 0ms (cache hit)
573 http cache get-proto@https://registry.npmjs.org/get-proto/-/get-proto-1.0.1.tgz 0ms (cache hit)
574 http cache es-object-atoms@https://registry.npmjs.org/es-object-atoms/-/es-object-atoms-1.1.1.tgz 0ms (cache hit)
575 http cache function-bind@https://registry.npmjs.org/function-bind/-/function-bind-1.1.2.tgz 0ms (cache hit)
576 http cache get-intrinsic@https://registry.npmjs.org/get-intrinsic/-/get-intrinsic-1.3.0.tgz 0ms (cache hit)
577 http cache es-define-property@https://registry.npmjs.org/es-define-property/-/es-define-property-1.0.1.tgz 0ms (cache hit)
578 http cache call-bind-apply-helpers@https://registry.npmjs.org/call-bind-apply-helpers/-/call-bind-apply-helpers-1.0.2.tgz 0ms (cache hit)
579 http cache call-bound@https://registry.npmjs.org/call-bound/-/call-bound-1.0.4.tgz 0ms (cache hit)
580 http cache side-channel-weakmap@https://registry.npmjs.org/side-channel-weakmap/-/side-channel-weakmap-1.0.2.tgz 0ms (cache hit)
581 http cache side-channel-map@https://registry.npmjs.org/side-channel-map/-/side-channel-map-1.0.1.tgz 0ms (cache hit)
582 http cache mime@https://registry.npmjs.org/mime/-/mime-1.6.0.tgz 0ms (cache hit)
583 http cache side-channel-list@https://registry.npmjs.org/side-channel-list/-/side-channel-list-1.0.0.tgz 0ms (cache hit)
584 http cache es-errors@https://registry.npmjs.org/es-errors/-/es-errors-1.3.0.tgz 0ms (cache hit)
585 http cache object-inspect@https://registry.npmjs.org/object-inspect/-/object-inspect-1.13.4.tgz 0ms (cache hit)
586 http cache util-deprecate@https://registry.npmjs.org/util-deprecate/-/util-deprecate-1.0.2.tgz 0ms (cache hit)
587 http cache string_decoder@https://registry.npmjs.org/string_decoder/-/string_decoder-1.1.1.tgz 0ms (cache hit)
588 http cache core-util-is@https://registry.npmjs.org/core-util-is/-/core-util-is-1.0.3.tgz 0ms (cache hit)
589 http cache process-nextick-args@https://registry.npmjs.org/process-nextick-args/-/process-nextick-args-2.0.1.tgz 0ms (cache hit)
590 http cache isarray@https://registry.npmjs.org/isarray/-/isarray-1.0.0.tgz 0ms (cache hit)
591 http cache side-channel@https://registry.npmjs.org/side-channel/-/side-channel-1.1.0.tgz 0ms (cache hit)
592 http cache ipaddr.js@https://registry.npmjs.org/ipaddr.js/-/ipaddr.js-1.9.1.tgz 0ms (cache hit)
593 http cache forwarded@https://registry.npmjs.org/forwarded/-/forwarded-0.2.0.tgz 0ms (cache hit)
594 http cache ee-first@https://registry.npmjs.org/ee-first/-/ee-first-1.1.1.tgz 0ms (cache hit)
595 http cache minimist@https://registry.npmjs.org/minimist/-/minimist-1.2.8.tgz 0ms (cache hit)
596 http cache typedarray@https://registry.npmjs.org/typedarray/-/typedarray-0.0.6.tgz 0ms (cache hit)
597 http cache readable-stream@https://registry.npmjs.org/readable-stream/-/readable-stream-2.3.8.tgz 0ms (cache hit)
598 http cache buffer-from@https://registry.npmjs.org/buffer-from/-/buffer-from-1.1.2.tgz 0ms (cache hit)
599 http cache media-typer@https://registry.npmjs.org/media-typer/-/media-typer-0.3.0.tgz 0ms (cache hit)
600 http cache xtend@https://registry.npmjs.org/xtend/-/xtend-4.0.2.tgz 0ms (cache hit)
601 http cache object-assign@https://registry.npmjs.org/object-assign/-/object-assign-4.1.1.tgz 0ms (cache hit)
602 http cache mkdirp@https://registry.npmjs.org/mkdirp/-/mkdirp-0.5.6.tgz 1ms (cache hit)
603 http cache concat-stream@https://registry.npmjs.org/concat-stream/-/concat-stream-1.6.2.tgz 0ms (cache hit)
604 http cache streamsearch@https://registry.npmjs.org/streamsearch/-/streamsearch-1.1.0.tgz 0ms (cache hit)
605 http cache busboy@https://registry.npmjs.org/busboy/-/busboy-1.6.0.tgz 0ms (cache hit)
606 http cache balanced-match@https://registry.npmjs.org/balanced-match/-/balanced-match-1.0.2.tgz 0ms (cache hit)
607 http cache brace-expansion@https://registry.npmjs.org/brace-expansion/-/brace-expansion-2.0.3.tgz 0ms (cache hit)
608 http cache minimatch@https://registry.npmjs.org/minimatch/-/minimatch-5.1.9.tgz 0ms (cache hit)
609 http cache mime-db@https://registry.npmjs.org/mime-db/-/mime-db-1.52.0.tgz 0ms (cache hit)
610 http cache filelist@https://registry.npmjs.org/filelist/-/filelist-1.0.6.tgz 0ms (cache hit)
611 http cache append-field@https://registry.npmjs.org/append-field/-/append-field-1.0.0.tgz 0ms (cache hit)
612 http cache async@https://registry.npmjs.org/async/-/async-3.2.6.tgz 1ms (cache hit)
613 http cache toidentifier@https://registry.npmjs.org/toidentifier/-/toidentifier-1.0.1.tgz 0ms (cache hit)
614 http cache safer-buffer@https://registry.npmjs.org/safer-buffer/-/safer-buffer-2.1.2.tgz 0ms (cache hit)
615 http cache inherits@https://registry.npmjs.org/inherits/-/inherits-2.0.4.tgz 0ms (cache hit)
616 http cache on-headers@https://registry.npmjs.org/on-headers/-/on-headers-1.1.0.tgz 0ms (cache hit)
617 http cache uid-safe@https://registry.npmjs.org/uid-safe/-/uid-safe-2.1.5.tgz 0ms (cache hit)
618 http cache ms@https://registry.npmjs.org/ms/-/ms-2.0.0.tgz 0ms (cache hit)
619 http cache raw-body@https://registry.npmjs.org/raw-body/-/raw-body-2.5.3.tgz 0ms (cache hit)
620 http cache unpipe@https://registry.npmjs.org/unpipe/-/unpipe-1.0.0.tgz 0ms (cache hit)
621 http cache iconv-lite@https://registry.npmjs.org/iconv-lite/-/iconv-lite-0.4.24.tgz 0ms (cache hit)
622 http cache picocolors@https://registry.npmjs.org/picocolors/-/picocolors-1.1.1.tgz 0ms (cache hit)
623 http cache bytes@https://registry.npmjs.org/bytes/-/bytes-3.1.2.tgz 0ms (cache hit)
624 http cache negotiator@https://registry.npmjs.org/negotiator/-/negotiator-0.6.3.tgz 0ms (cache hit)
625 http cache mime-types@https://registry.npmjs.org/mime-types/-/mime-types-2.1.35.tgz 0ms (cache hit)
626 http cache vary@https://registry.npmjs.org/vary/-/vary-1.1.2.tgz 0ms (cache hit)
627 http cache utils-merge@https://registry.npmjs.org/utils-merge/-/utils-merge-1.0.1.tgz 0ms (cache hit)
628 http cache setprototypeof@https://registry.npmjs.org/setprototypeof/-/setprototypeof-1.2.0.tgz 0ms (cache hit)
629 http cache statuses@https://registry.npmjs.org/statuses/-/statuses-2.0.2.tgz 0ms (cache hit)
630 http cache destroy@https://registry.npmjs.org/destroy/-/destroy-1.2.0.tgz 0ms (cache hit)
631 http cache serve-static@https://registry.npmjs.org/serve-static/-/serve-static-1.16.3.tgz 0ms (cache hit)
632 http cache send@https://registry.npmjs.org/send/-/send-0.19.2.tgz 0ms (cache hit)
633 http cache safe-buffer@https://registry.npmjs.org/safe-buffer/-/safe-buffer-5.2.1.tgz 0ms (cache hit)
634 http cache range-parser@https://registry.npmjs.org/range-parser/-/range-parser-1.2.1.tgz 0ms (cache hit)
635 http cache proxy-addr@https://registry.npmjs.org/proxy-addr/-/proxy-addr-2.0.7.tgz 0ms (cache hit)
636 http cache qs@https://registry.npmjs.org/qs/-/qs-6.14.2.tgz 0ms (cache hit)
637 http cache path-to-regexp@https://registry.npmjs.org/path-to-regexp/-/path-to-regexp-0.1.13.tgz 0ms (cache hit)
638 http cache on-finished@https://registry.npmjs.org/on-finished/-/on-finished-2.4.1.tgz 0ms (cache hit)
639 http cache parseurl@https://registry.npmjs.org/parseurl/-/parseurl-1.3.3.tgz 0ms (cache hit)
640 http cache methods@https://registry.npmjs.org/methods/-/methods-1.1.2.tgz 0ms (cache hit)
641 http cache merge-descriptors@https://registry.npmjs.org/merge-descriptors/-/merge-descriptors-1.0.3.tgz 0ms (cache hit)
642 http cache type-is@https://registry.npmjs.org/type-is/-/type-is-1.6.18.tgz 0ms (cache hit)
643 http cache fresh@https://registry.npmjs.org/fresh/-/fresh-0.5.2.tgz 0ms (cache hit)
644 http cache etag@https://registry.npmjs.org/etag/-/etag-1.8.1.tgz 0ms (cache hit)
645 http cache escape-html@https://registry.npmjs.org/escape-html/-/escape-html-1.0.3.tgz 0ms (cache hit)
646 http cache finalhandler@https://registry.npmjs.org/finalhandler/-/finalhandler-1.3.2.tgz 0ms (cache hit)
647 http cache encodeurl@https://registry.npmjs.org/encodeurl/-/encodeurl-2.0.0.tgz 0ms (cache hit)
648 http cache depd@https://registry.npmjs.org/depd/-/depd-2.0.0.tgz 0ms (cache hit)
649 http cache cookie@https://registry.npmjs.org/cookie/-/cookie-0.7.2.tgz 0ms (cache hit)
650 http cache cookie-signature@https://registry.npmjs.org/cookie-signature/-/cookie-signature-1.0.7.tgz 0ms (cache hit)
651 http cache debug@https://registry.npmjs.org/debug/-/debug-2.6.9.tgz 0ms (cache hit)
652 http cache content-type@https://registry.npmjs.org/content-type/-/content-type-1.0.5.tgz 0ms (cache hit)
653 http cache content-disposition@https://registry.npmjs.org/content-disposition/-/content-disposition-0.5.4.tgz 0ms (cache hit)
654 http cache body-parser@https://registry.npmjs.org/body-parser/-/body-parser-1.20.4.tgz 0ms (cache hit)
655 http cache accepts@https://registry.npmjs.org/accepts/-/accepts-1.3.8.tgz 2ms (cache hit)
656 http cache http-errors@https://registry.npmjs.org/http-errors/-/http-errors-2.0.1.tgz 0ms (cache hit)
657 http cache jake@https://registry.npmjs.org/jake/-/jake-10.9.4.tgz 0ms (cache hit)
658 http cache stripe@https://registry.npmjs.org/stripe/-/stripe-18.5.0.tgz 0ms (cache hit)
659 http cache array-flatten@https://registry.npmjs.org/array-flatten/-/array-flatten-1.1.1.tgz 0ms (cache hit)
660 http cache multer@https://registry.npmjs.org/multer/-/multer-1.4.5-lts.2.tgz 0ms (cache hit)
661 http cache method-override@https://registry.npmjs.org/method-override/-/method-override-3.0.0.tgz 0ms (cache hit)
662 http cache express@https://registry.npmjs.org/express/-/express-4.22.1.tgz 0ms (cache hit)
663 http cache express-session@https://registry.npmjs.org/express-session/-/express-session-1.19.0.tgz 0ms (cache hit)
664 http cache ejs@https://registry.npmjs.org/ejs/-/ejs-3.1.10.tgz 0ms (cache hit)
665 http cache slugify@https://registry.npmjs.org/slugify/-/slugify-1.6.9.tgz 0ms (cache hit)
666 http cache dotenv@https://registry.npmjs.org/dotenv/-/dotenv-16.6.1.tgz 0ms (cache hit)
667 http cache safe-buffer@https://registry.npmjs.org/safe-buffer/-/safe-buffer-5.1.2.tgz 0ms (cache hit)
668 http cache safe-buffer@https://registry.npmjs.org/safe-buffer/-/safe-buffer-5.1.2.tgz 0ms (cache hit)
669 http cache debug@https://registry.npmjs.org/debug/-/debug-3.1.0.tgz 0ms (cache hit)
670 http cache ms@https://registry.npmjs.org/ms/-/ms-2.1.3.tgz 0ms (cache hit)
671 http fetch POST 200 https://registry.npmjs.org/-/npm/v1/security/advisories/bulk 587ms
672 silly audit report {}
673 warn deprecated multer@1.4.5-lts.2: Multer 1.x is impacted by a number of vulnerabilities, which have been patched in 2.x. You should upgrade to the latest 2.x version.
674 silly ADD node_modules/random-bytes
675 silly ADD node_modules/media-typer
676 silly ADD node_modules/dunder-proto
677 silly ADD node_modules/math-intrinsics
678 silly ADD node_modules/hasown
679 silly ADD node_modules/has-symbols
680 silly ADD node_modules/gopd
681 silly ADD node_modules/get-proto
682 silly ADD node_modules/es-object-atoms
683 silly ADD node_modules/es-define-property
684 silly ADD node_modules/function-bind
685 silly ADD node_modules/call-bind-apply-helpers
686 silly ADD node_modules/get-intrinsic
687 silly ADD node_modules/call-bound
688 silly ADD node_modules/side-channel-weakmap
689 silly ADD node_modules/side-channel-map
690 silly ADD node_modules/side-channel-list
691 silly ADD node_modules/object-inspect
692 silly ADD node_modules/es-errors
693 silly ADD node_modules/mime
694 silly ADD node_modules/util-deprecate
695 silly ADD node_modules/string_decoder
696 silly ADD node_modules/string_decoder/node_modules/safe-buffer
697 silly ADD node_modules/process-nextick-args
698 silly ADD node_modules/isarray
699 silly ADD node_modules/core-util-is
700 silly ADD node_modules/side-channel
701 silly ADD node_modules/ipaddr.js
702 silly ADD node_modules/forwarded
703 silly ADD node_modules/ee-first
704 silly ADD node_modules/minimist
705 silly ADD node_modules/typedarray
706 silly ADD node_modules/readable-stream
707 silly ADD node_modules/readable-stream/node_modules/safe-buffer
708 silly ADD node_modules/buffer-from
709 silly ADD node_modules/streamsearch
710 silly ADD node_modules/xtend
711 silly ADD node_modules/object-assign
712 silly ADD node_modules/mkdirp
713 silly ADD node_modules/concat-stream
714 silly ADD node_modules/busboy
715 silly ADD node_modules/append-field
716 silly ADD node_modules/balanced-match
717 silly ADD node_modules/brace-expansion
718 silly ADD node_modules/mime-db
719 silly ADD node_modules/minimatch
720 silly ADD node_modules/picocolors
721 silly ADD node_modules/filelist
722 silly ADD node_modules/async
723 silly ADD node_modules/safer-buffer
724 silly ADD node_modules/toidentifier
725 silly ADD node_modules/inherits
726 silly ADD node_modules/uid-safe
727 silly ADD node_modules/on-headers
728 silly ADD node_modules/ms
729 silly ADD node_modules/unpipe
730 silly ADD node_modules/raw-body
731 silly ADD node_modules/iconv-lite
732 silly ADD node_modules/destroy
733 silly ADD node_modules/bytes
734 silly ADD node_modules/negotiator
735 silly ADD node_modules/mime-types
736 silly ADD node_modules/vary
737 silly ADD node_modules/utils-merge
738 silly ADD node_modules/type-is
739 silly ADD node_modules/statuses
740 silly ADD node_modules/setprototypeof
741 silly ADD node_modules/serve-static
742 silly ADD node_modules/send
743 silly ADD node_modules/send/node_modules/ms
744 silly ADD node_modules/safe-buffer
745 silly ADD node_modules/range-parser
746 silly ADD node_modules/qs
747 silly ADD node_modules/proxy-addr
748 silly ADD node_modules/path-to-regexp
749 silly ADD node_modules/parseurl
750 silly ADD node_modules/on-finished
751 silly ADD node_modules/methods
752 silly ADD node_modules/merge-descriptors
753 silly ADD node_modules/http-errors
754 silly ADD node_modules/fresh
755 silly ADD node_modules/finalhandler
756 silly ADD node_modules/etag
757 silly ADD node_modules/escape-html
758 silly ADD node_modules/encodeurl
759 silly ADD node_modules/depd
760 silly ADD node_modules/debug
761 silly ADD node_modules/cookie-signature
762 silly ADD node_modules/cookie
763 silly ADD node_modules/content-type
764 silly ADD node_modules/content-disposition
765 silly ADD node_modules/body-parser
766 silly ADD node_modules/array-flatten
767 silly ADD node_modules/accepts
768 silly ADD node_modules/jake
769 silly ADD node_modules/stripe
770 silly ADD node_modules/slugify
771 silly ADD node_modules/multer
772 silly ADD node_modules/method-override
773 silly ADD node_modules/method-override/node_modules/debug
774 silly ADD node_modules/express-session
775 silly ADD node_modules/express
776 silly ADD node_modules/ejs
777 silly ADD node_modules/dotenv
778 verbose cwd C:\LinkBio\linkbio-mvp\linkbio-mvp
779 verbose os Windows_NT 10.0.19045
780 verbose node v24.12.0
781 verbose npm  v11.6.2
782 verbose exit 0
783 info ok
